Traceback (most recent call last):
  File "/home/runner/work/cov_pred_finance/cov_pred_finance/.venv/lib/python3.11/site-packages/jupyter_cache/executors/utils.py", line 58, in single_nb_execution
    executenb(
  File "/home/runner/work/cov_pred_finance/cov_pred_finance/.venv/lib/python3.11/site-packages/nbclient/client.py", line 1305, in execute
    return NotebookClient(nb=nb, resources=resources, km=km, **kwargs).execute()
           ^^^^^^^^^^^^^^^^^^^^^^^^^^^^^^^^^^^^^^^^^^^^^^^^^^^^^^^^^^^^^^^^^^^^^
  File "/home/runner/work/cov_pred_finance/cov_pred_finance/.venv/lib/python3.11/site-packages/jupyter_core/utils/__init__.py", line 166, in wrapped
    return loop.run_until_complete(inner)
           ^^^^^^^^^^^^^^^^^^^^^^^^^^^^^^
  File "/opt/hostedtoolcache/Python/3.11.3/x64/lib/python3.11/asyncio/base_events.py", line 653, in run_until_complete
    return future.result()
           ^^^^^^^^^^^^^^^
  File "/home/runner/work/cov_pred_finance/cov_pred_finance/.venv/lib/python3.11/site-packages/nbclient/client.py", line 705, in async_execute
    await self.async_execute_cell(
  File "/home/runner/work/cov_pred_finance/cov_pred_finance/.venv/lib/python3.11/site-packages/nbclient/client.py", line 1058, in async_execute_cell
    await self._check_raise_for_error(cell, cell_index, exec_reply)
  File "/home/runner/work/cov_pred_finance/cov_pred_finance/.venv/lib/python3.11/site-packages/nbclient/client.py", line 914, in _check_raise_for_error
    raise CellExecutionError.from_cell_and_msg(cell, exec_reply_content)
nbclient.exceptions.CellExecutionError: An error occurred while executing the following cell:
------------------
# combination of covariance matrix valued time series
combination = CovarianceCombination(sigmas=Sigmas, returns=returns)
------------------


[0;31m---------------------------------------------------------------------------[0m
[0;31mTypeError[0m                                 Traceback (most recent call last)
Cell [0;32mIn[5], line 2[0m
[1;32m      1[0m [38;5;66;03m# combination of covariance matrix valued time series[39;00m
[0;32m----> 2[0m combination [38;5;241m=[39m [43mCovarianceCombination[49m[43m([49m[43msigmas[49m[38;5;241;43m=[39;49m[43mSigmas[49m[43m,[49m[43m [49m[43mreturns[49m[38;5;241;43m=[39;49m[43mreturns[49m[43m)[49m

[0;31mTypeError[0m: CovarianceCombination.__init__() got an unexpected keyword argument 'sigmas'

