{"meta": {"format": 2, "version": "7.5.3", "timestamp": "2024-09-23T20:33:45.610875", "branch_coverage": false, "show_contexts": false}, "files": {"cvx/covariance/__init__.py": {"executed_lines": [0], "summary": {"covered_lines": 0, "num_statements": 0, "percent_covered": 100.0, "percent_covered_display": "100", "missing_lines": 0, "excluded_lines": 0}, "missing_lines": [], "excluded_lines": []}, "cvx/covariance/combination.py": {"executed_lines": [1, 3, 4, 6, 7, 8, 10, 15, 18, 22, 23, 25, 28, 34, 40, 45, 48, 49, 52, 60, 65, 70, 74, 77, 78, 79, 80, 81, 82, 83, 85, 86, 87, 89, 90, 91, 95, 96, 98, 99, 101, 102, 103, 105, 106, 110, 128, 144, 145, 148, 151, 152, 155, 156, 167, 168, 169, 171, 176, 181, 182, 183, 186, 189, 190, 193, 195, 196, 197, 199, 200, 201, 203, 204, 205, 207, 208, 212, 214, 215, 219, 221, 233, 234, 237, 245, 247, 248, 250, 253, 254, 257, 260, 264, 265, 267, 272, 275, 277, 284, 288, 290, 291, 292, 294, 295, 300, 304, 306, 309, 310, 312, 313, 317, 318, 322], "summary": {"covered_lines": 116, "num_statements": 120, "percent_covered": 96.66666666666667, "percent_covered_display": "97", "missing_lines": 4, "excluded_lines": 0}, "missing_lines": [107, 296, 297, 298], "excluded_lines": []}, "cvx/covariance/ewma.py": {"executed_lines": [1, 3, 5, 6, 7, 9, 12, 13, 16, 25, 33, 42, 43, 45, 47, 54, 65, 66, 73, 75, 78, 85, 86, 88, 91, 120, 121, 123, 124, 125, 126, 130, 131, 132, 133, 134, 135, 136, 138, 140, 142, 143, 145, 146, 147, 151, 157, 168, 169, 172, 174, 179, 180, 184, 185, 193, 199, 206, 207, 210, 211, 219, 220, 223, 243, 244, 245, 247, 249, 250, 252, 255, 256, 259, 262, 265, 266, 270, 274], "summary": {"covered_lines": 79, "num_statements": 79, "percent_covered": 100.0, "percent_covered_display": "100", "missing_lines": 0, "excluded_lines": 0}, "missing_lines": [], "excluded_lines": []}, "cvx/covariance/regularization.py": {"executed_lines": [1, 3, 5, 6, 7, 11, 12, 15, 26, 29, 32, 35, 38, 41, 44, 48, 56, 57, 59, 60, 62, 63, 64, 66, 67, 68, 77, 78, 79, 80, 81, 82, 84, 87, 88, 90, 91, 94, 101, 102, 103, 105, 106, 107, 109, 112, 122, 123], "summary": {"covered_lines": 48, "num_statements": 48, "percent_covered": 100.0, "percent_covered_display": "100", "missing_lines": 0, "excluded_lines": 0}, "missing_lines": [], "excluded_lines": []}}, "totals": {"covered_lines": 243, "num_statements": 247, "percent_covered": 98.38056680161944, "percent_covered_display": "98", "missing_lines": 4, "excluded_lines": 0}}