TN:
SF:cvx/covariance/__init__.py
DA:1,1,1B2M2Y8AsgTpgAmY7PhCfg
LF:0
LH:0
end_of_record
TN:
SF:cvx/covariance/combination.py
DA:1,1,ydCxunymauVRdfWlNGpIBA
DA:3,1,uqQzsyLE2snBclOsmsd0qA
DA:4,1,vde7ERK8n2u7Qt5rKvREtA
DA:6,1,KEzWbRMV9pRcZUhlA9U7Sg
DA:7,1,IWWjrCeOtk8NNtrE95++2g
DA:8,1,wbex0Ytf94b7jE0u9OATig
DA:10,1,WAOzrNE0560FGS5Ibjnrlw
DA:15,1,NLqEogAM5So7zKb7oEsHCw
DA:18,1,ejazqWtKyenWiSshqPu9hQ
DA:22,1,2dvdUyNNFiHnrRSP35zZpA
DA:23,1,niYScb/k0Mytca8A5m0Xtw
DA:25,1,XhuHaau+29MKel8Yy651AA
DA:28,1,/TLgq7Zd9lWgbIKApkoykg
DA:34,1,dDpI1xnYM7U9EkV5ygfLLg
DA:40,1,OYwJI/X0WhjBlEP3hhRInQ
DA:45,1,6tsTJd/yPPJ6GxaMiomYmw
DA:48,1,DmB2ZO2caqAPlQ2Qq39fRA
DA:49,1,b4l3Wvzm+J7wml4yh8A0Tw
DA:52,1,gYW8pYBKEaF8rQl4a8o8nA
DA:60,1,bAk0GQE0gBNcszb9cTK6AA
DA:65,1,0fjqYcaFCyxDNfcfExpAGg
DA:70,1,NfPEKpk+feLfWHsP10l0WA
DA:74,1,q7pHXPvwiVF011mc3Vb1tA
DA:77,1,gZ+hqQ2CmW36I4cuZQOxNg
DA:78,1,C5ZVBFabGDrxILC7SqxNbg
DA:79,1,ZGDdrsOh6G1ei6N9ckLe2Q
DA:80,1,d8JLcO6/U6PBuHI3N83b0g
DA:81,1,ahB2hzGUH9BxyiIPYDEhkQ
DA:82,1,HrhE0ZoLzIkJKelbTRoi/A
DA:83,1,BJTJG+G8BVdBtCNHkW7MoQ
DA:85,1,HmADa1g/W1C2Vo9Wm4sNNA
DA:86,1,fRzLkjWIbxaBYuJBAKH5jQ
DA:87,1,2zQnV6enSfZ5AwHInfV4jA
DA:89,1,HmADa1g/W1C2Vo9Wm4sNNA
DA:90,1,a9roCRTxHg8o4vC/HP7q3w
DA:91,1,Qk4diUQhD5paL6rIgHvs+Q
DA:95,1,xFg7lWuEyz2hzosgjELtKg
DA:96,1,In1aTpXxwcotMRjb7yCvbg
DA:98,1,R+hHkcmh2z9/xR5iDJiBHA
DA:99,1,NfboJCJDfLkiv/X3XaxHmw
DA:101,1,HmADa1g/W1C2Vo9Wm4sNNA
DA:102,1,GgpMDtnGWU1f6VsGRp3i6w
DA:103,1,c3fbcbdKvX1OEoY64MWpHg
DA:105,1,HmADa1g/W1C2Vo9Wm4sNNA
DA:106,1,1HXwV4w7zo2HvE5D7zT8kg
DA:110,1,qcRbL6cT323/9BxSeq7VkQ
DA:128,1,86BnYevzm+iPabNUkK9sqA
DA:144,1,uLdvjz8kfN7aq3cqKqeeiw
DA:145,1,Idgu1vAm4IV1iZQ/oeTi9Q
DA:148,1,HLqGqo6dVPQknOBEabVJ6Q
DA:151,1,8BaS1s27vCKEeAySrafkrA
DA:152,1,HLqGqo6dVPQknOBEabVJ6Q
DA:155,1,u0TeCeHhou7mBMHfnefJAA
DA:156,1,mfkRwNwrHylhcm9KCRkm1A
DA:167,1,X9iDD39sGcojkbW8v5DfYg
DA:168,1,IUnaU/OsmFf2KibiAXc93Q
DA:169,1,GmFTJEDeZp97tSUqCM5t9Q
DA:171,1,2k2+D1zuE47bsZ4fvsZ7bQ
DA:176,1,LCWfo04qpGQNMipAUIfjZw
DA:181,1,ftSJf4CZVXKdogT984cvwQ
DA:182,1,rXg4JC+fv4K/e0zwZ/M4wg
DA:183,1,WcrWGepe7PWnC+80jZy3qA
DA:186,1,wUgfmaHW9QFex+371Qf6Fw
DA:189,1,plcJjPYm9zVAyA6JsW0Fag
DA:190,1,o+M5uO0O/JPljKgy0HAvkQ
DA:193,1,dhxUGA6lxUf7m2x8M5GIrQ
DA:195,1,HmADa1g/W1C2Vo9Wm4sNNA
DA:196,1,a/TXmm15Whigogfy7p5mLg
DA:197,1,nx8+UqMtftfJp/HUyQhVAw
DA:199,1,HmADa1g/W1C2Vo9Wm4sNNA
DA:200,1,m2xmGxzIedWYt7WnaSEdXg
DA:201,1,wI0u0rJdUgoM29LA4rLyVQ
DA:203,1,HmADa1g/W1C2Vo9Wm4sNNA
DA:204,1,7miFR96yMMGqCr/pC59TDw
DA:205,1,Zcqrg8eFqxT6uA289Gdrpg
DA:207,1,HmADa1g/W1C2Vo9Wm4sNNA
DA:208,1,BoawwnxP7NmhK6SwagzKpA
DA:212,1,OaOfcAPnbkHtJMNgUbsjBw
DA:214,1,HmADa1g/W1C2Vo9Wm4sNNA
DA:215,1,/hBfKww2mR8+vGtC06rlrw
DA:219,1,8srSEj4tbj68ZLPuvmM+Sg
DA:221,1,L0f0EKmLlOLPnoJZc49j6w
DA:232,1,rPH5jxE9kkCDx/5pRahcRA
DA:233,1,Ygbialdyq9YHaz5nreLY3w
DA:236,1,kSboYWTpN8IkJETA83uvng
DA:243,1,60bBmMq7FY1A7GbOms05rg
DA:244,1,bSogbVlBoB5dlIYqobbXLg
DA:245,1,TmoT4dhI2mtCcLzI8hmL5w
DA:246,1,wQANbG7gNBxYzH3rKpTUGg
DA:251,1,hgYesuWdd5iEW/SJSYdkfw
DA:254,1,zaDFOaZtcyMc9bJifnO67Q
DA:256,1,AORygI68Swmfj/qoJCG8Gw
DA:263,1,nD58EvaODB5ippx0us3eTQ
DA:267,1,TUQQJSb3MAC27vmzrLZWqw
DA:269,1,JPlCFEHntnPl3kbnS3tRGA
DA:270,1,fLeQf+IMdTXgDthNaQ90MA
DA:271,1,zpQYsNklVohVBl7u1NWA9g
DA:273,1,xvWIcpcyNr0gyGcTkdMxXw
DA:274,1,hrq8r8Bc/XN9EB/q0IxyWA
DA:279,1,pa8rgQ0uBlRnqz5S5t0z5Q
DA:283,1,abqkfu+irgMoM3o9hNbpZw
DA:288,1,NfqTqSIJeU0ILeKf35WeCg
DA:291,1,fZ06wSCZnVcdOn4uqCooPw
DA:292,1,/42ju3Pv1TbjjEkLZGsVQQ
DA:294,1,0RlHKjp4S6sfGv1QXRHRNw
DA:295,1,4ETqNHmqGrpJjUdLTACuEw
DA:299,1,0RlHKjp4S6sfGv1QXRHRNw
DA:300,1,4ETqNHmqGrpJjUdLTACuEw
DA:304,1,+Gvs7irtF1mJRedmFKh7Ng
DA:107,0,DaCkZKWMGenIRbhXqZSMSw
DA:275,0,8kTDH6RjuDZY1uO9/FG5lQ
DA:276,0,2EzlSO72G1CTRFvTWe78mg
DA:277,0,w7mpoJ9O/1/hCen9Z5G0Hw
LF:113
LH:109
end_of_record
TN:
SF:cvx/covariance/ewma.py
DA:1,1,ydCxunymauVRdfWlNGpIBA
DA:3,1,vde7ERK8n2u7Qt5rKvREtA
DA:5,1,IWWjrCeOtk8NNtrE95++2g
DA:6,1,wbex0Ytf94b7jE0u9OATig
DA:7,1,J2xTpJtDSsHorCy3TQ+DZQ
DA:9,1,oyuEJ8CMp72OboSN7XmaFA
DA:12,1,aLxTvGC+uNdUZ1BPKgHj/Q
DA:13,1,hkyN8ofb3Fa5pSsMskmi2g
DA:16,1,ndtHXYFftIzYYv9GnCb/sA
DA:25,1,7xpZ+9Vg8aVoLT/B0kImfQ
DA:33,1,SG1VCKeac+MK2jZv7c0DKQ
DA:42,1,MrBvTTx8oSA1Qbi3g+yrsQ
DA:43,1,xeU+WvmAhq0DdqpkDhgceg
DA:45,1,lpZVd4161INQ8hVRvwYpsg
DA:47,1,BGZI8IakdGStDMtKA6bFpw
DA:54,1,wFcm1KzUyU8H+i2EzGz7KQ
DA:65,1,VNEZBEiSMyvk7Fsd3JJc0g
DA:66,1,y/DH4GIG80zBfrGlNZhqsA
DA:69,1,m8tkGHAOaoWWFVGmFo0OVw
DA:71,1,nx+mzra8DSdsEVlFNjYYSw
DA:74,1,QgUyRgUOPV5KghtY0M71dw
DA:81,1,MrBvTTx8oSA1Qbi3g+yrsQ
DA:82,1,5uJXmlFaYQKlklWgZrUZ1Q
DA:84,1,XuKvrcMirYfZj8s2IcJXsw
DA:87,1,TXpFuTyhbUm7EBQlEg3cXA
DA:98,1,9Rb+e+DWR2CpHgywee/N6A
DA:99,1,lhvhBHh1KmXjfguYnftnaA
DA:101,1,vPAvJ2ekHAnxGvvPU3EaAA
DA:102,1,5QtB0Qo+A36DXYfjd/y31w
DA:103,1,hopr+a1cCnwX2I26J5KvzQ
DA:104,1,OdZLod4rsrFp3JEkHe7Y8w
DA:107,1,BdTiCHmEoTLyNkCG6ml6gg
DA:108,1,sVN/eE53sYteByE3DMxuxg
DA:110,1,x4kUKf71VwkVqQvh33NeZg
DA:112,1,AylKMPL51YnN3Kim4VaZSg
DA:114,1,VhykK73g6cTgNiuHzsTc0A
DA:115,1,lHw4lGy64uEVcq2+Ehkd/g
DA:120,1,8W1dQdez/D6Ymz3ljEamnQ
DA:125,1,leBra/W/UCmZjragCG4+UA
DA:133,1,rLacY+z3ZKtMNg2yKKxOtw
DA:138,1,4BMYKzRJsdIvFSf4VzaK5A
DA:144,1,ytLmDyVraU1TqtA+fD0G0w
DA:146,1,N8QYRbpo6Nm1pJIq0kMLsA
DA:149,1,YxeysKoBGQnkjkLPaJ4QJg
DA:150,1,4dOSMezQdGLc0RJ2cxPffg
DA:154,1,8mNIIeQ4TYU2TTUHaylK5g
DA:162,1,OPEt7MQpCB0dE7XSk7Zkkg
DA:167,1,igYT7IPJ5FhGKTU6B+CKVg
DA:174,1,mjDPDtFwuUCTU8iSFHzv3Q
DA:175,1,ppmEnTHU40j1/hnL+SAWpQ
DA:178,1,Iw81muvBqkAvWKiMsW2PqQ
DA:179,1,igYT7IPJ5FhGKTU6B+CKVg
DA:187,1,mjDPDtFwuUCTU8iSFHzv3Q
DA:188,1,XXmLtmSAhm2zneE2YF29MQ
DA:191,1,/Kc81+uYNRJUQ0ytwI0Hsw
DA:213,1,2sRtU90DnUFj4YU8+kX+vg
DA:214,1,/LRI9SE/m1ZtmY/UCAVS9Q
DA:215,1,de94GqV5nbfMpWQv6F+Y7Q
DA:217,1,/2WOEooATF54dgQfuUBhZg
DA:225,1,VLd1bdJtY1xFtv82xWCrlQ
DA:226,1,c1BqkxBEwjr3NjMf768H+Q
DA:228,1,ERCFOCjQtwssMz0zlnluWA
DA:231,1,EP6ix9xE9Gg6tLN2ft/QOA
DA:232,1,olXr0eVl6JU31mQY6M2lbQ
DA:235,1,9b1y2vyamvo/mwbImVuWpw
DA:237,1,PECbPJ9MwvrGecTXmSKSFw
DA:238,1,Gyr7V2dEaSV9y/NmEc6vLQ
DA:242,1,l5QvpbaAGU1cj1i18wi4Ew
DA:246,1,YPfRIumKPSTShnUMNzIcqQ
LF:69
LH:69
end_of_record
TN:
SF:cvx/covariance/regularization.py
DA:1,1,ydCxunymauVRdfWlNGpIBA
DA:3,1,vde7ERK8n2u7Qt5rKvREtA
DA:5,1,IWWjrCeOtk8NNtrE95++2g
DA:6,1,wbex0Ytf94b7jE0u9OATig
DA:7,1,EcjrCGvYBErbMit4iVRDYg
DA:11,1,1z2GbvZjVtBp5L4teRJApA
DA:12,1,teFTHQxYrdrGZFGF7mbYPQ
DA:15,1,Kf0jWauy0sJp53O3KTggxQ
DA:26,1,EnjS7q5waCK3hRvHD5vOVQ
DA:29,1,kNb5X6FxvYgP5rp9JyPqKA
DA:32,1,ON2jRQmdYllsignOQn9WRA
DA:35,1,mngDBd+HdTjtxYNNse7Y0w
DA:38,1,LQWF0ZcZUtuYkecPEbHWeA
DA:41,1,G5l5rTXiBGE9C6Swjs/oXw
DA:44,1,CLXO01uiDgDrTKb7/KANig
DA:48,1,QF4L0FonFUNdT8oSOA4LRA
DA:56,1,xmTWjBDp4LLXYlYHD8hzbw
DA:57,1,rcW9xu5WHY1iRUoAxjQOyw
DA:59,1,FACDwXpSipdHqYwLzHbWVQ
DA:60,1,1SCw6puRRWzArizewQE8YA
DA:62,1,beSAMureuIvFT93nTgaFiA
DA:63,1,L2FtqDooVNPYdwaV57sNhQ
DA:64,1,2k5E+63GmZJ6gdavKM/Ncg
DA:66,1,TcUb7hq6WLoMCmYL6ReSIA
DA:67,1,3wAL8Sxn53PSlUOI8qXRQQ
DA:68,1,MaMtAMDqW+JygswdXklBHw
DA:77,1,AQnI3jmtxJwd06Wques6ug
DA:78,1,RoLr319z0az5YZyqTp4wFA
DA:79,1,0vaxZJ/uBPhVP4bT3dJM7w
DA:80,1,L4VzIA1OOKBzae/Geeq71g
DA:81,1,7MIsBdFPkkQb7mYhmlYFsQ
DA:82,1,DtTmx2VOVFt4Npzgr42TXQ
DA:84,1,gIj1OpbZrQwlDWtKEUTJZA
DA:87,1,W1uDLeywrWEJIbK2DpR1iA
DA:88,1,DoYfWUiBUsBDjA3Aqm1LZg
DA:90,1,nTJj9WYTqWa5M3JfsAhZTg
DA:91,1,za8CqWWll7HRRIhZuxngyg
DA:94,1,Upc1iBDhenVEilwrDnw8Ow
DA:101,1,8d9xP39hB3WWdtvpXWKQXw
DA:102,1,0jWlDPfv5zC129xNkGD31A
DA:103,1,bJlZgH7jMRxHJcMPv+KCbQ
DA:105,1,MyxG366aq3kTYnEugf4gsw
DA:106,1,0+YJ2oV43CjNKOPtFeuV3g
DA:107,1,mod9OEoXPlIOZCKhpvAg+Q
DA:109,1,rIlhbvn87cD5VUbiBjEdEQ
DA:112,1,ujviFbbeoXy8et37EYLEOw
DA:122,1,xmTWjBDp4LLXYlYHD8hzbw
DA:123,1,4Y5DjsiI0tb4C2AmLB8qDA
LF:48
LH:48
end_of_record
