{"meta": {"format": 3, "version": "7.6.10", "timestamp": "2025-04-21T13:21:15.365787", "branch_coverage": false, "show_contexts": false}, "files": {"cvx/covariance/__init__.py": {"executed_lines": [0], "summary": {"covered_lines": 0, "num_statements": 0, "percent_covered": 100.0, "percent_covered_display": "100", "missing_lines": 0, "excluded_lines": 0}, "missing_lines": [], "excluded_lines": [], "functions": {"": {"executed_lines": [], "summary": {"covered_lines": 0, "num_statements": 0, "percent_covered": 100.0, "percent_covered_display": "100", "missing_lines": 0, "excluded_lines": 0}, "missing_lines": [], "excluded_lines": []}}, "classes": {"": {"executed_lines": [], "summary": {"covered_lines": 0, "num_statements": 0, "percent_covered": 100.0, "percent_covered_display": "100", "missing_lines": 0, "excluded_lines": 0}, "missing_lines": [], "excluded_lines": []}}}, "cvx/covariance/combination.py": {"executed_lines": [1, 3, 4, 6, 7, 8, 10, 15, 18, 22, 23, 25, 28, 34, 37, 42, 45, 46, 49, 57, 60, 65, 69, 72, 73, 74, 75, 76, 77, 78, 80, 81, 82, 84, 85, 86, 88, 89, 91, 92, 94, 95, 96, 98, 99, 103, 119, 135, 136, 139, 142, 143, 146, 147, 158, 159, 160, 162, 165, 167, 168, 169, 172, 173, 174, 175, 177, 178, 179, 181, 182, 183, 185, 186, 187, 189, 190, 194, 196, 197, 201, 203, 215, 216, 219, 224, 226, 227, 229, 232, 233, 234, 237, 239, 240, 242, 244, 247, 249, 254, 256, 258, 259, 260, 262, 263, 268, 272, 274, 277, 278, 280, 281, 283, 284, 286], "summary": {"covered_lines": 116, "num_statements": 120, "percent_covered": 96.66666666666667, "percent_covered_display": "97", "missing_lines": 4, "excluded_lines": 0}, "missing_lines": [100, 264, 265, 266], "excluded_lines": [], "functions": {"_map_nested_dicts": {"executed_lines": [22, 23, 25], "summary": {"covered_lines": 3, "num_statements": 3, "percent_covered": 100.0, "percent_covered_display": "100", "missing_lines": 0, "excluded_lines": 0}, "missing_lines": [], "excluded_lines": []}, "_cholesky_precision": {"executed_lines": [34], "summary": {"covered_lines": 1, "num_statements": 1, "percent_covered": 100.0, "percent_covered_display": "100", "missing_lines": 0, "excluded_lines": 0}, "missing_lines": [], "excluded_lines": []}, "_B_t_col": {"executed_lines": [42], "summary": {"covered_lines": 1, "num_statements": 1, "percent_covered": 100.0, "percent_covered_display": "100", "missing_lines": 0, "excluded_lines": 0}, "missing_lines": [], "excluded_lines": []}, "_diag_part": {"executed_lines": [46], "summary": {"covered_lines": 1, "num_statements": 1, "percent_covered": 100.0, "percent_covered_display": "100", "missing_lines": 0, "excluded_lines": 0}, "missing_lines": [], "excluded_lines": []}, "_A": {"executed_lines": [57], "summary": {"covered_lines": 1, "num_statements": 1, "percent_covered": 100.0, "percent_covered_display": "100", "missing_lines": 0, "excluded_lines": 0}, "missing_lines": [], "excluded_lines": []}, "_nu": {"executed_lines": [65], "summary": {"covered_lines": 1, "num_statements": 1, "percent_covered": 100.0, "percent_covered_display": "100", "missing_lines": 0, "excluded_lines": 0}, "missing_lines": [], "excluded_lines": []}, "_CombinationProblem.__init__": {"executed_lines": [74, 75, 76, 77, 78], "summary": {"covered_lines": 5, "num_statements": 5, "percent_covered": 100.0, "percent_covered_display": "100", "missing_lines": 0, "excluded_lines": 0}, "missing_lines": [], "excluded_lines": []}, "_CombinationProblem._constraints": {"executed_lines": [82], "summary": {"covered_lines": 1, "num_statements": 1, "percent_covered": 100.0, "percent_covered_display": "100", "missing_lines": 0, "excluded_lines": 0}, "missing_lines": [], "excluded_lines": []}, "_CombinationProblem._objective": {"executed_lines": [86], "summary": {"covered_lines": 1, "num_statements": 1, "percent_covered": 100.0, "percent_covered_display": "100", "missing_lines": 0, "excluded_lines": 0}, "missing_lines": [], "excluded_lines": []}, "_CombinationProblem._construct_problem": {"executed_lines": [89], "summary": {"covered_lines": 1, "num_statements": 1, "percent_covered": 100.0, "percent_covered_display": "100", "missing_lines": 0, "excluded_lines": 0}, "missing_lines": [], "excluded_lines": []}, "_CombinationProblem.solve": {"executed_lines": [92], "summary": {"covered_lines": 1, "num_statements": 1, "percent_covered": 100.0, "percent_covered_display": "100", "missing_lines": 0, "excluded_lines": 0}, "missing_lines": [], "excluded_lines": []}, "_CombinationProblem.weights": {"executed_lines": [96], "summary": {"covered_lines": 1, "num_statements": 1, "percent_covered": 100.0, "percent_covered_display": "100", "missing_lines": 0, "excluded_lines": 0}, "missing_lines": [], "excluded_lines": []}, "_CombinationProblem.status": {"executed_lines": [], "summary": {"covered_lines": 0, "num_statements": 1, "percent_covered": 0.0, "percent_covered_display": "0", "missing_lines": 1, "excluded_lines": 0}, "missing_lines": [100], "excluded_lines": []}, "from_ewmas": {"executed_lines": [119, 135, 136, 139], "summary": {"covered_lines": 4, "num_statements": 4, "percent_covered": 100.0, "percent_covered_display": "100", "missing_lines": 0, "excluded_lines": 0}, "missing_lines": [], "excluded_lines": []}, "from_sigmas": {"executed_lines": [143], "summary": {"covered_lines": 1, "num_statements": 1, "percent_covered": 100.0, "percent_covered_display": "100", "missing_lines": 0, "excluded_lines": 0}, "missing_lines": [], "excluded_lines": []}, "_CovarianceCombination.__init__": {"executed_lines": [158, 159, 160, 162, 165, 167, 168, 169, 172, 173, 174, 175], "summary": {"covered_lines": 12, "num_statements": 12, "percent_covered": 100.0, "percent_covered_display": "100", "missing_lines": 0, "excluded_lines": 0}, "missing_lines": [], "excluded_lines": []}, "_CovarianceCombination.sigmas": {"executed_lines": [179], "summary": {"covered_lines": 1, "num_statements": 1, "percent_covered": 100.0, "percent_covered_display": "100", "missing_lines": 0, "excluded_lines": 0}, "missing_lines": [], "excluded_lines": []}, "_CovarianceCombination.means": {"executed_lines": [183], "summary": {"covered_lines": 1, "num_statements": 1, "percent_covered": 100.0, "percent_covered_display": "100", "missing_lines": 0, "excluded_lines": 0}, "missing_lines": [], "excluded_lines": []}, "_CovarianceCombination.returns": {"executed_lines": [187], "summary": {"covered_lines": 1, "num_statements": 1, "percent_covered": 100.0, "percent_covered_display": "100", "missing_lines": 0, "excluded_lines": 0}, "missing_lines": [], "excluded_lines": []}, "_CovarianceCombination.K": {"executed_lines": [194], "summary": {"covered_lines": 1, "num_statements": 1, "percent_covered": 100.0, "percent_covered_display": "100", "missing_lines": 0, "excluded_lines": 0}, "missing_lines": [], "excluded_lines": []}, "_CovarianceCombination.assets": {"executed_lines": [201], "summary": {"covered_lines": 1, "num_statements": 1, "percent_covered": 100.0, "percent_covered_display": "100", "missing_lines": 0, "excluded_lines": 0}, "missing_lines": [], "excluded_lines": []}, "_CovarianceCombination.solve": {"executed_lines": [215, 216, 219, 224, 226, 227, 229, 232, 233, 234, 237, 239, 240, 242, 244, 247, 249, 254, 256, 258, 259, 260, 262, 263], "summary": {"covered_lines": 24, "num_statements": 27, "percent_covered": 88.88888888888889, "percent_covered_display": "89", "missing_lines": 3, "excluded_lines": 0}, "missing_lines": [264, 265, 266], "excluded_lines": []}, "_CovarianceCombination._solve": {"executed_lines": [272, 274, 277, 278, 280, 281, 283, 284, 286], "summary": {"covered_lines": 9, "num_statements": 9, "percent_covered": 100.0, "percent_covered_display": "100", "missing_lines": 0, "excluded_lines": 0}, "missing_lines": [], "excluded_lines": []}, "": {"executed_lines": [1, 3, 4, 6, 7, 8, 10, 15, 18, 28, 37, 45, 49, 60, 69, 72, 73, 80, 81, 84, 85, 88, 91, 94, 95, 98, 99, 103, 142, 146, 147, 177, 178, 181, 182, 185, 186, 189, 190, 196, 197, 203, 268], "summary": {"covered_lines": 43, "num_statements": 43, "percent_covered": 100.0, "percent_covered_display": "100", "missing_lines": 0, "excluded_lines": 0}, "missing_lines": [], "excluded_lines": []}}, "classes": {"_CombinationProblem": {"executed_lines": [74, 75, 76, 77, 78, 82, 86, 89, 92, 96], "summary": {"covered_lines": 10, "num_statements": 11, "percent_covered": 90.9090909090909, "percent_covered_display": "91", "missing_lines": 1, "excluded_lines": 0}, "missing_lines": [100], "excluded_lines": []}, "_CovarianceCombination": {"executed_lines": [158, 159, 160, 162, 165, 167, 168, 169, 172, 173, 174, 175, 179, 183, 187, 194, 201, 215, 216, 219, 224, 226, 227, 229, 232, 233, 234, 237, 239, 240, 242, 244, 247, 249, 254, 256, 258, 259, 260, 262, 263, 272, 274, 277, 278, 280, 281, 283, 284, 286], "summary": {"covered_lines": 50, "num_statements": 53, "percent_covered": 94.33962264150944, "percent_covered_display": "94", "missing_lines": 3, "excluded_lines": 0}, "missing_lines": [264, 265, 266], "excluded_lines": []}, "": {"executed_lines": [1, 3, 4, 6, 7, 8, 10, 15, 18, 22, 23, 25, 28, 34, 37, 42, 45, 46, 49, 57, 60, 65, 69, 72, 73, 80, 81, 84, 85, 88, 91, 94, 95, 98, 99, 103, 119, 135, 136, 139, 142, 143, 146, 147, 177, 178, 181, 182, 185, 186, 189, 190, 196, 197, 203, 268], "summary": {"covered_lines": 56, "num_statements": 56, "percent_covered": 100.0, "percent_covered_display": "100", "missing_lines": 0, "excluded_lines": 0}, "missing_lines": [], "excluded_lines": []}}}, "cvx/covariance/ewma.py": {"executed_lines": [1, 3, 5, 6, 7, 9, 12, 13, 16, 25, 33, 42, 43, 45, 47, 50, 62, 63, 70, 72, 75, 82, 83, 85, 88, 117, 118, 120, 121, 122, 123, 127, 128, 129, 130, 131, 132, 133, 135, 137, 139, 140, 142, 143, 144, 148, 152, 163, 164, 167, 169, 174, 175, 177, 178, 186, 192, 199, 200, 203, 204, 212, 213, 216, 236, 237, 238, 240, 242, 243, 245, 248, 249, 252, 255, 258, 259, 263, 265], "summary": {"covered_lines": 79, "num_statements": 79, "percent_covered": 100.0, "percent_covered_display": "100", "missing_lines": 0, "excluded_lines": 0}, "missing_lines": [], "excluded_lines": [], "functions": {"_generator2frame": {"executed_lines": [13], "summary": {"covered_lines": 1, "num_statements": 1, "percent_covered": 100.0, "percent_covered_display": "100", "missing_lines": 0, "excluded_lines": 0}, "missing_lines": [], "excluded_lines": []}, "_variance": {"executed_lines": [25], "summary": {"covered_lines": 1, "num_statements": 1, "percent_covered": 100.0, "percent_covered_display": "100", "missing_lines": 0, "excluded_lines": 0}, "missing_lines": [], "excluded_lines": []}, "volatility": {"executed_lines": [42, 43, 45, 47], "summary": {"covered_lines": 4, "num_statements": 4, "percent_covered": 100.0, "percent_covered_display": "100", "missing_lines": 0, "excluded_lines": 0}, "missing_lines": [], "excluded_lines": []}, "center": {"executed_lines": [62, 63, 70, 72], "summary": {"covered_lines": 4, "num_statements": 4, "percent_covered": 100.0, "percent_covered_display": "100", "missing_lines": 0, "excluded_lines": 0}, "missing_lines": [], "excluded_lines": []}, "clip": {"executed_lines": [82, 83, 85], "summary": {"covered_lines": 3, "num_statements": 3, "percent_covered": 100.0, "percent_covered_display": "100", "missing_lines": 0, "excluded_lines": 0}, "missing_lines": [], "excluded_lines": []}, "iterated_ewma": {"executed_lines": [117, 118, 120, 139, 142, 143, 144, 148, 152, 163, 164, 167, 169, 174, 175, 177, 178], "summary": {"covered_lines": 17, "num_statements": 17, "percent_covered": 100.0, "percent_covered_display": "100", "missing_lines": 0, "excluded_lines": 0}, "missing_lines": [], "excluded_lines": []}, "iterated_ewma.scale_cov": {"executed_lines": [121, 122, 123, 127, 128, 129, 130, 131, 132, 133, 135, 137], "summary": {"covered_lines": 12, "num_statements": 12, "percent_covered": 100.0, "percent_covered_display": "100", "missing_lines": 0, "excluded_lines": 0}, "missing_lines": [], "excluded_lines": []}, "iterated_ewma.scale_mean": {"executed_lines": [140], "summary": {"covered_lines": 1, "num_statements": 1, "percent_covered": 100.0, "percent_covered_display": "100", "missing_lines": 0, "excluded_lines": 0}, "missing_lines": [], "excluded_lines": []}, "_ewma_cov": {"executed_lines": [192, 199, 200], "summary": {"covered_lines": 3, "num_statements": 3, "percent_covered": 100.0, "percent_covered_display": "100", "missing_lines": 0, "excluded_lines": 0}, "missing_lines": [], "excluded_lines": []}, "_ewma_mean": {"executed_lines": [204, 212, 213], "summary": {"covered_lines": 3, "num_statements": 3, "percent_covered": 100.0, "percent_covered_display": "100", "missing_lines": 0, "excluded_lines": 0}, "missing_lines": [], "excluded_lines": []}, "_general": {"executed_lines": [236, 242, 243, 245, 248, 249, 252, 255, 258, 259, 263, 265], "summary": {"covered_lines": 12, "num_statements": 12, "percent_covered": 100.0, "percent_covered_display": "100", "missing_lines": 0, "excluded_lines": 0}, "missing_lines": [], "excluded_lines": []}, "_general.f": {"executed_lines": [237, 238, 240], "summary": {"covered_lines": 3, "num_statements": 3, "percent_covered": 100.0, "percent_covered_display": "100", "missing_lines": 0, "excluded_lines": 0}, "missing_lines": [], "excluded_lines": []}, "": {"executed_lines": [1, 3, 5, 6, 7, 9, 12, 16, 33, 50, 75, 88, 186, 203, 216], "summary": {"covered_lines": 15, "num_statements": 15, "percent_covered": 100.0, "percent_covered_display": "100", "missing_lines": 0, "excluded_lines": 0}, "missing_lines": [], "excluded_lines": []}}, "classes": {"": {"executed_lines": [1, 3, 5, 6, 7, 9, 12, 13, 16, 25, 33, 42, 43, 45, 47, 50, 62, 63, 70, 72, 75, 82, 83, 85, 88, 117, 118, 120, 121, 122, 123, 127, 128, 129, 130, 131, 132, 133, 135, 137, 139, 140, 142, 143, 144, 148, 152, 163, 164, 167, 169, 174, 175, 177, 178, 186, 192, 199, 200, 203, 204, 212, 213, 216, 236, 237, 238, 240, 242, 243, 245, 248, 249, 252, 255, 258, 259, 263, 265], "summary": {"covered_lines": 79, "num_statements": 79, "percent_covered": 100.0, "percent_covered_display": "100", "missing_lines": 0, "excluded_lines": 0}, "missing_lines": [], "excluded_lines": []}}}, "cvx/covariance/regularization.py": {"executed_lines": [1, 3, 5, 6, 7, 11, 12, 15, 26, 29, 32, 35, 38, 41, 44, 48, 56, 57, 59, 60, 62, 63, 64, 66, 67, 68, 80, 81, 82, 83, 84, 85, 87, 90, 91, 93, 94, 97, 104, 105, 106, 108, 109, 110, 112, 115, 125, 126], "summary": {"covered_lines": 48, "num_statements": 48, "percent_covered": 100.0, "percent_covered_display": "100", "missing_lines": 0, "excluded_lines": 0}, "missing_lines": [], "excluded_lines": [], "functions": {"_regularize_correlation": {"executed_lines": [26, 29, 32, 35, 38, 41, 44], "summary": {"covered_lines": 7, "num_statements": 7, "percent_covered": 100.0, "percent_covered_display": "100", "missing_lines": 0, "excluded_lines": 0}, "missing_lines": [], "excluded_lines": []}, "regularize_covariance": {"executed_lines": [56, 57, 59, 60, 62, 63, 64, 66, 67, 68], "summary": {"covered_lines": 10, "num_statements": 10, "percent_covered": 100.0, "percent_covered_display": "100", "missing_lines": 0, "excluded_lines": 0}, "missing_lines": [], "excluded_lines": []}, "_e_step": {"executed_lines": [81, 82, 83, 84, 85, 87], "summary": {"covered_lines": 6, "num_statements": 6, "percent_covered": 100.0, "percent_covered_display": "100", "missing_lines": 0, "excluded_lines": 0}, "missing_lines": [], "excluded_lines": []}, "_m_step": {"executed_lines": [91, 93, 94], "summary": {"covered_lines": 3, "num_statements": 3, "percent_covered": 100.0, "percent_covered_display": "100", "missing_lines": 0, "excluded_lines": 0}, "missing_lines": [], "excluded_lines": []}, "_em_low_rank_approximation": {"executed_lines": [104, 105, 106, 108, 109, 110, 112], "summary": {"covered_lines": 7, "num_statements": 7, "percent_covered": 100.0, "percent_covered_display": "100", "missing_lines": 0, "excluded_lines": 0}, "missing_lines": [], "excluded_lines": []}, "em_regularize_covariance": {"executed_lines": [125, 126], "summary": {"covered_lines": 2, "num_statements": 2, "percent_covered": 100.0, "percent_covered_display": "100", "missing_lines": 0, "excluded_lines": 0}, "missing_lines": [], "excluded_lines": []}, "": {"executed_lines": [1, 3, 5, 6, 7, 11, 12, 15, 48, 80, 90, 97, 115], "summary": {"covered_lines": 13, "num_statements": 13, "percent_covered": 100.0, "percent_covered_display": "100", "missing_lines": 0, "excluded_lines": 0}, "missing_lines": [], "excluded_lines": []}}, "classes": {"": {"executed_lines": [1, 3, 5, 6, 7, 11, 12, 15, 26, 29, 32, 35, 38, 41, 44, 48, 56, 57, 59, 60, 62, 63, 64, 66, 67, 68, 80, 81, 82, 83, 84, 85, 87, 90, 91, 93, 94, 97, 104, 105, 106, 108, 109, 110, 112, 115, 125, 126], "summary": {"covered_lines": 48, "num_statements": 48, "percent_covered": 100.0, "percent_covered_display": "100", "missing_lines": 0, "excluded_lines": 0}, "missing_lines": [], "excluded_lines": []}}}}, "totals": {"covered_lines": 243, "num_statements": 247, "percent_covered": 98.38056680161944, "percent_covered_display": "98", "missing_lines": 4, "excluded_lines": 0}}