SF:cvx/covariance/__init__.py
end_of_record
SF:cvx/covariance/combination.py
DA:1,1
DA:3,1
DA:4,1
DA:6,1
DA:7,1
DA:8,1
DA:10,1
DA:15,1
DA:18,1
DA:22,1
DA:23,1
DA:25,1
DA:28,1
DA:34,1
DA:37,1
DA:42,1
DA:45,1
DA:46,1
DA:49,1
DA:57,1
DA:60,1
DA:65,1
DA:69,1
DA:72,1
DA:73,1
DA:74,1
DA:75,1
DA:76,1
DA:77,1
DA:78,1
DA:80,1
DA:81,1
DA:82,1
DA:84,1
DA:85,1
DA:86,1
DA:88,1
DA:89,1
DA:91,1
DA:92,1
DA:94,1
DA:95,1
DA:96,1
DA:98,1
DA:99,1
DA:100,0
DA:103,1
DA:119,1
DA:135,1
DA:136,1
DA:139,1
DA:142,1
DA:143,1
DA:146,1
DA:147,1
DA:158,1
DA:159,1
DA:160,1
DA:162,1
DA:165,1
DA:167,1
DA:168,1
DA:169,1
DA:172,1
DA:173,1
DA:174,1
DA:175,1
DA:177,1
DA:178,1
DA:179,1
DA:181,1
DA:182,1
DA:183,1
DA:185,1
DA:186,1
DA:187,1
DA:189,1
DA:190,1
DA:194,1
DA:196,1
DA:197,1
DA:201,1
DA:203,1
DA:215,1
DA:216,1
DA:219,1
DA:224,1
DA:226,1
DA:227,1
DA:229,1
DA:232,1
DA:233,1
DA:234,1
DA:237,1
DA:239,1
DA:240,1
DA:242,1
DA:244,1
DA:247,1
DA:249,1
DA:254,1
DA:256,1
DA:258,1
DA:259,1
DA:260,1
DA:262,1
DA:263,1
DA:264,0
DA:265,0
DA:266,0
DA:268,1
DA:272,1
DA:274,1
DA:277,1
DA:278,1
DA:280,1
DA:281,1
DA:283,1
DA:284,1
DA:286,1
LF:120
LH:116
FN:18,25,_map_nested_dicts
FNDA:1,_map_nested_dicts
FN:28,34,_cholesky_precision
FNDA:1,_cholesky_precision
FN:37,42,_B_t_col
FNDA:1,_B_t_col
FN:45,46,_diag_part
FNDA:1,_diag_part
FN:49,57,_A
FNDA:1,_A
FN:60,65,_nu
FNDA:1,_nu
FN:73,78,_CombinationProblem.__init__
FNDA:1,_CombinationProblem.__init__
FN:81,82,_CombinationProblem._constraints
FNDA:1,_CombinationProblem._constraints
FN:85,86,_CombinationProblem._objective
FNDA:1,_CombinationProblem._objective
FN:88,89,_CombinationProblem._construct_problem
FNDA:1,_CombinationProblem._construct_problem
FN:91,92,_CombinationProblem.solve
FNDA:1,_CombinationProblem.solve
FN:95,96,_CombinationProblem.weights
FNDA:1,_CombinationProblem.weights
FN:99,100,_CombinationProblem.status
FNDA:0,_CombinationProblem.status
FN:103,139,from_ewmas
FNDA:1,from_ewmas
FN:142,143,from_sigmas
FNDA:1,from_sigmas
FN:147,175,_CovarianceCombination.__init__
FNDA:1,_CovarianceCombination.__init__
FN:178,179,_CovarianceCombination.sigmas
FNDA:1,_CovarianceCombination.sigmas
FN:182,183,_CovarianceCombination.means
FNDA:1,_CovarianceCombination.means
FN:186,187,_CovarianceCombination.returns
FNDA:1,_CovarianceCombination.returns
FN:190,194,_CovarianceCombination.K
FNDA:1,_CovarianceCombination.K
FN:197,201,_CovarianceCombination.assets
FNDA:1,_CovarianceCombination.assets
FN:203,266,_CovarianceCombination.solve
FNDA:1,_CovarianceCombination.solve
FN:268,286,_CovarianceCombination._solve
FNDA:1,_CovarianceCombination._solve
FNF:23
FNH:22
end_of_record
SF:cvx/covariance/ewma.py
DA:1,1
DA:3,1
DA:5,1
DA:6,1
DA:7,1
DA:9,1
DA:12,1
DA:13,1
DA:16,1
DA:25,1
DA:33,1
DA:42,1
DA:43,1
DA:45,1
DA:47,1
DA:50,1
DA:62,1
DA:63,1
DA:70,1
DA:72,1
DA:75,1
DA:82,1
DA:83,1
DA:85,1
DA:88,1
DA:117,1
DA:118,1
DA:120,1
DA:121,1
DA:122,1
DA:123,1
DA:127,1
DA:128,1
DA:129,1
DA:130,1
DA:131,1
DA:132,1
DA:133,1
DA:135,1
DA:137,1
DA:139,1
DA:140,1
DA:142,1
DA:143,1
DA:144,1
DA:148,1
DA:152,1
DA:163,1
DA:164,1
DA:167,1
DA:169,1
DA:174,1
DA:175,1
DA:177,1
DA:178,1
DA:186,1
DA:192,1
DA:199,1
DA:200,1
DA:203,1
DA:204,1
DA:212,1
DA:213,1
DA:216,1
DA:236,1
DA:237,1
DA:238,1
DA:240,1
DA:242,1
DA:243,1
DA:245,1
DA:248,1
DA:249,1
DA:252,1
DA:255,1
DA:258,1
DA:259,1
DA:263,1
DA:265,1
LF:79
LH:79
FN:12,13,_generator2frame
FNDA:1,_generator2frame
FN:16,30,_variance
FNDA:1,_variance
FN:33,47,volatility
FNDA:1,volatility
FN:50,72,center
FNDA:1,center
FN:75,85,clip
FNDA:1,clip
FN:88,183,iterated_ewma
FNDA:1,iterated_ewma
FN:120,137,iterated_ewma.scale_cov
FNDA:1,iterated_ewma.scale_cov
FN:139,140,iterated_ewma.scale_mean
FNDA:1,iterated_ewma.scale_mean
FN:186,200,_ewma_cov
FNDA:1,_ewma_cov
FN:203,213,_ewma_mean
FNDA:1,_ewma_mean
FN:216,265,_general
FNDA:1,_general
FN:236,240,_general.f
FNDA:1,_general.f
FNF:12
FNH:12
end_of_record
SF:cvx/covariance/regularization.py
DA:1,1
DA:3,1
DA:5,1
DA:6,1
DA:7,1
DA:11,1
DA:12,1
DA:15,1
DA:26,1
DA:29,1
DA:32,1
DA:35,1
DA:38,1
DA:41,1
DA:44,1
DA:48,1
DA:56,1
DA:57,1
DA:59,1
DA:60,1
DA:62,1
DA:63,1
DA:64,1
DA:66,1
DA:67,1
DA:68,1
DA:80,1
DA:81,1
DA:82,1
DA:83,1
DA:84,1
DA:85,1
DA:87,1
DA:90,1
DA:91,1
DA:93,1
DA:94,1
DA:97,1
DA:104,1
DA:105,1
DA:106,1
DA:108,1
DA:109,1
DA:110,1
DA:112,1
DA:115,1
DA:125,1
DA:126,1
LF:48
LH:48
FN:15,44,_regularize_correlation
FNDA:1,_regularize_correlation
FN:48,74,regularize_covariance
FNDA:1,regularize_covariance
FN:80,87,_e_step
FNDA:1,_e_step
FN:90,94,_m_step
FNDA:1,_m_step
FN:97,112,_em_low_rank_approximation
FNDA:1,_em_low_rank_approximation
FN:115,126,em_regularize_covariance
FNDA:1,em_regularize_covariance
FNF:6
FNH:6
end_of_record
